<?xml version="1.0" encoding="UTF-8"?>
<!-- Generated by org.testng.reporters.JUnitReportReporter -->
<testsuite hostname="223241-lap" failures="0" tests="1" name="stepByStepRestAssured.APITests" time="1.735" errors="0" timestamp="2024-01-06T18:11:00 EET" skipped="0">
  <testcase classname="stepByStepRestAssured.APITests" name="test1" time="1.735"/>
</testsuite> <!-- stepByStepRestAssured.APITests -->
